<?xml version="1.0" encoding="UTF-8"?>
<!-- Generated by org.testng.reporters.JUnitReportReporter -->
<testsuite skipped="0" hostname="casa-PC" name="ChkFil.Download" tests="1" failures="0" timestamp="27 jun 2020 00:29:56 GMT" time="835.688" errors="0">
  <testcase name="downloaFile" time="835.688" classname="ChkFil.Download"/>
</testsuite> <!-- ChkFil.Download -->
